<?xml version="1.0" encoding="UTF-8"?>
<!-- Generated by org.testng.reporters.JUnitReportReporter -->
<testsuite hostname="INF-L-3115" failures="0" tests="1" name="com.nucleus.qa.testCases.LoginTestCase" time="11.048" errors="0" timestamp="2024-09-12T19:30:52 IST" skipped="0">
  <testcase classname="com.nucleus.qa.testCases.LoginTestCase" name="NCFPortalLoginTC" time="11.048"/>
</testsuite> <!-- com.nucleus.qa.testCases.LoginTestCase -->
