<?xml version="1.0" encoding="UTF-8"?>
<!-- Generated by org.testng.reporters.JUnitReportReporter -->
<testsuite hostname="INF-L-3115" failures="0" tests="1" name="testng.NewTest" time="0.001" errors="0" timestamp="2024-09-12T19:30:52 IST" skipped="0">
  <testcase classname="testng.NewTest" name="f" time="0.001"/>
</testsuite> <!-- testng.NewTest -->
