<?xml version="1.0" encoding="UTF-8"?>
<!-- Generated by org.testng.reporters.JUnitReportReporter -->
<testsuite hostname="INF-L-3115" failures="0" tests="1" name="com.nucleus.qa.testCases.NewProposalTestCase" time="18.525" errors="0" timestamp="2024-09-16T15:26:06 IST" skipped="0">
  <testcase classname="com.nucleus.qa.testCases.NewProposalTestCase" name="CreateNewProposal" time="18.525"/>
</testsuite> <!-- com.nucleus.qa.testCases.NewProposalTestCase -->
